[2021-08-22 12:00:36Z INFO HostContext] No proxy settings were found based on environmental variables (http_proxy/https_proxy/HTTP_PROXY/HTTPS_PROXY)
[2021-08-22 12:00:36Z INFO HostContext] Well known directory 'Bin': '/home/ubuntu/AwesomeProject/simple-fortune-cookie/actions-runner/bin'
[2021-08-22 12:00:36Z INFO HostContext] Well known directory 'Root': '/home/ubuntu/AwesomeProject/simple-fortune-cookie/actions-runner'
[2021-08-22 12:00:36Z INFO HostContext] Well known config file 'Credentials': '/home/ubuntu/AwesomeProject/simple-fortune-cookie/actions-runner/.credentials'
[2021-08-22 12:00:36Z INFO Listener] Runner is built for Linux (X64) - linux-x64.
[2021-08-22 12:00:36Z INFO Listener] RuntimeInformation: Linux 5.8.0-1038-gcp #40~20.04.1-Ubuntu SMP Thu Jul 15 11:55:03 UTC 2021.
[2021-08-22 12:00:36Z INFO Listener] Version: 2.280.3
[2021-08-22 12:00:36Z INFO Listener] Commit: 409920e9f03bd38fe6e58807f069394993ce32e4
[2021-08-22 12:00:36Z INFO Listener] Culture: 
[2021-08-22 12:00:36Z INFO Listener] UI Culture: 
[2021-08-22 12:00:36Z INFO HostContext] Well known directory 'Bin': '/home/ubuntu/AwesomeProject/simple-fortune-cookie/actions-runner/bin'
[2021-08-22 12:00:36Z INFO HostContext] Well known directory 'Root': '/home/ubuntu/AwesomeProject/simple-fortune-cookie/actions-runner'
[2021-08-22 12:00:36Z INFO Listener] Validating directory permissions for: '/home/ubuntu/AwesomeProject/simple-fortune-cookie/actions-runner'
[2021-08-22 12:00:36Z INFO CommandLineParser] Parse
[2021-08-22 12:00:36Z INFO CommandLineParser] Parsing 1 args
[2021-08-22 12:00:36Z INFO CommandLineParser] parsing argument
[2021-08-22 12:00:36Z INFO CommandLineParser] HasArgs: False
[2021-08-22 12:00:36Z INFO CommandLineParser] Adding Command: run
[2021-08-22 12:00:36Z INFO Listener] Arguments parsed
[2021-08-22 12:00:36Z INFO Runner] ExecuteCommand
[2021-08-22 12:00:36Z INFO ConfigurationStore] currentAssemblyLocation: /home/ubuntu/AwesomeProject/simple-fortune-cookie/actions-runner/bin/Runner.Listener.dll
[2021-08-22 12:00:36Z INFO HostContext] Well known directory 'Bin': '/home/ubuntu/AwesomeProject/simple-fortune-cookie/actions-runner/bin'
[2021-08-22 12:00:36Z INFO ConfigurationStore] binPath: /home/ubuntu/AwesomeProject/simple-fortune-cookie/actions-runner/bin
[2021-08-22 12:00:36Z INFO HostContext] Well known directory 'Bin': '/home/ubuntu/AwesomeProject/simple-fortune-cookie/actions-runner/bin'
[2021-08-22 12:00:36Z INFO HostContext] Well known directory 'Root': '/home/ubuntu/AwesomeProject/simple-fortune-cookie/actions-runner'
[2021-08-22 12:00:36Z INFO ConfigurationStore] RootFolder: /home/ubuntu/AwesomeProject/simple-fortune-cookie/actions-runner
[2021-08-22 12:00:36Z INFO HostContext] Well known directory 'Bin': '/home/ubuntu/AwesomeProject/simple-fortune-cookie/actions-runner/bin'
[2021-08-22 12:00:36Z INFO HostContext] Well known directory 'Root': '/home/ubuntu/AwesomeProject/simple-fortune-cookie/actions-runner'
[2021-08-22 12:00:36Z INFO HostContext] Well known config file 'Runner': '/home/ubuntu/AwesomeProject/simple-fortune-cookie/actions-runner/.runner'
[2021-08-22 12:00:36Z INFO ConfigurationStore] ConfigFilePath: /home/ubuntu/AwesomeProject/simple-fortune-cookie/actions-runner/.runner
[2021-08-22 12:00:36Z INFO HostContext] Well known directory 'Bin': '/home/ubuntu/AwesomeProject/simple-fortune-cookie/actions-runner/bin'
[2021-08-22 12:00:36Z INFO HostContext] Well known directory 'Root': '/home/ubuntu/AwesomeProject/simple-fortune-cookie/actions-runner'
[2021-08-22 12:00:36Z INFO HostContext] Well known config file 'Credentials': '/home/ubuntu/AwesomeProject/simple-fortune-cookie/actions-runner/.credentials'
[2021-08-22 12:00:36Z INFO ConfigurationStore] CredFilePath: /home/ubuntu/AwesomeProject/simple-fortune-cookie/actions-runner/.credentials
[2021-08-22 12:00:36Z INFO HostContext] Well known directory 'Bin': '/home/ubuntu/AwesomeProject/simple-fortune-cookie/actions-runner/bin'
[2021-08-22 12:00:36Z INFO HostContext] Well known directory 'Root': '/home/ubuntu/AwesomeProject/simple-fortune-cookie/actions-runner'
[2021-08-22 12:00:36Z INFO HostContext] Well known config file 'MigratedCredentials': '/home/ubuntu/AwesomeProject/simple-fortune-cookie/actions-runner/.credentials_migrated'
[2021-08-22 12:00:36Z INFO ConfigurationStore] MigratedCredFilePath: /home/ubuntu/AwesomeProject/simple-fortune-cookie/actions-runner/.credentials_migrated
[2021-08-22 12:00:36Z INFO HostContext] Well known directory 'Bin': '/home/ubuntu/AwesomeProject/simple-fortune-cookie/actions-runner/bin'
[2021-08-22 12:00:36Z INFO HostContext] Well known directory 'Root': '/home/ubuntu/AwesomeProject/simple-fortune-cookie/actions-runner'
[2021-08-22 12:00:36Z INFO HostContext] Well known config file 'Service': '/home/ubuntu/AwesomeProject/simple-fortune-cookie/actions-runner/.service'
[2021-08-22 12:00:36Z INFO ConfigurationStore] ServiceConfigFilePath: /home/ubuntu/AwesomeProject/simple-fortune-cookie/actions-runner/.service
[2021-08-22 12:00:36Z INFO CommandSettings] Flag 'help': 'False'
[2021-08-22 12:00:36Z INFO CommandSettings] Flag 'version': 'False'
[2021-08-22 12:00:36Z INFO CommandSettings] Flag 'commit': 'False'
[2021-08-22 12:00:36Z INFO CommandSettings] Flag 'check': 'False'
[2021-08-22 12:00:36Z INFO CommandSettings] Command 'configure': 'False'
[2021-08-22 12:00:36Z INFO CommandSettings] Command 'remove': 'False'
[2021-08-22 12:00:36Z INFO CommandSettings] Command 'warmup': 'False'
[2021-08-22 12:00:36Z INFO ConfigurationManager] LoadSettings
[2021-08-22 12:00:36Z INFO ConfigurationStore] IsConfigured()
[2021-08-22 12:00:36Z INFO ConfigurationStore] IsConfigured: True
[2021-08-22 12:00:36Z INFO ConfigurationManager] Is configured: True
[2021-08-22 12:00:36Z INFO ConfigurationStore] Read setting file: 295 chars
[2021-08-22 12:00:37Z INFO ConfigurationManager] Settings Loaded
[2021-08-22 12:00:37Z INFO ConfigurationStore] IsServiceConfigured()
[2021-08-22 12:00:37Z INFO ConfigurationStore] IsServiceConfigured: False
[2021-08-22 12:00:37Z INFO CommandSettings] Command 'run': 'True'
[2021-08-22 12:00:37Z INFO ConfigurationStore] IsConfigured()
[2021-08-22 12:00:37Z INFO ConfigurationStore] IsConfigured: True
[2021-08-22 12:00:37Z INFO ConfigurationManager] Is configured: True
[2021-08-22 12:00:37Z INFO Runner] Could not parse the argument value '' for StartupType. Defaulting to Manual
[2021-08-22 12:00:37Z INFO Runner] Set runner startup type - Manual
[2021-08-22 12:00:37Z INFO CommandSettings] Flag 'once': 'False'
[2021-08-22 12:00:37Z INFO Runner] RunAsync
[2021-08-22 12:00:37Z INFO ConfigurationManager] LoadSettings
[2021-08-22 12:00:37Z INFO ConfigurationStore] IsConfigured()
[2021-08-22 12:00:37Z INFO ConfigurationStore] IsConfigured: True
[2021-08-22 12:00:37Z INFO ConfigurationManager] Is configured: True
[2021-08-22 12:00:37Z INFO ConfigurationManager] Settings Loaded
[2021-08-22 12:00:37Z INFO MessageListener] {
  "AgentId": 23,
  "AgentName": "squakwee",
  "PoolId": 1,
  "PoolName": "Default",
  "ServerUrl": "https://pipelines.actions.githubusercontent.com/kYIhEau89cHjWJsUfetDdyHhXKn3W5poseYa4b3P0ZM6cyXiP8",
  "GitHubUrl": "https://github.com/bobor16/simple-fortune-cookie",
  "WorkFolder": "_work"
}
[2021-08-22 12:00:37Z INFO MessageListener] Loading Credentials
[2021-08-22 12:00:37Z INFO ConfigurationStore] HasCredentials()
[2021-08-22 12:00:37Z INFO ConfigurationStore] stored True
[2021-08-22 12:00:37Z INFO CredentialManager] GetCredentialProvider
[2021-08-22 12:00:37Z INFO CredentialManager] Creating type OAuth
[2021-08-22 12:00:37Z INFO CredentialManager] Creating credential type: OAuth
[2021-08-22 12:00:37Z INFO HostContext] Well known directory 'Bin': '/home/ubuntu/AwesomeProject/simple-fortune-cookie/actions-runner/bin'
[2021-08-22 12:00:37Z INFO HostContext] Well known directory 'Root': '/home/ubuntu/AwesomeProject/simple-fortune-cookie/actions-runner'
[2021-08-22 12:00:37Z INFO HostContext] Well known config file 'RSACredentials': '/home/ubuntu/AwesomeProject/simple-fortune-cookie/actions-runner/.credentials_rsaparams'
[2021-08-22 12:00:37Z INFO RSAFileKeyManager] Loading RSA key parameters from file /home/ubuntu/AwesomeProject/simple-fortune-cookie/actions-runner/.credentials_rsaparams
[2021-08-22 12:00:37Z INFO MessageListener] Attempt to create session.
[2021-08-22 12:00:37Z INFO MessageListener] Connecting to the Runner Server...
[2021-08-22 12:00:37Z INFO RunnerServer] Establish connection with 100 seconds timeout.
[2021-08-22 12:00:37Z INFO GitHubActionsService] Starting operation Location.GetConnectionData
[2021-08-22 12:00:37Z INFO RunnerServer] Establish connection with 60 seconds timeout.
[2021-08-22 12:00:37Z INFO GitHubActionsService] Starting operation Location.GetConnectionData
[2021-08-22 12:00:37Z INFO RunnerServer] Establish connection with 60 seconds timeout.
[2021-08-22 12:00:37Z INFO GitHubActionsService] Starting operation Location.GetConnectionData
[2021-08-22 12:00:37Z INFO GitHubActionsService] Finished operation Location.GetConnectionData
[2021-08-22 12:00:37Z INFO GitHubActionsService] Finished operation Location.GetConnectionData
[2021-08-22 12:00:37Z INFO GitHubActionsService] Finished operation Location.GetConnectionData
[2021-08-22 12:00:37Z INFO MessageListener] VssConnection created
[2021-08-22 12:00:37Z INFO Terminal] WRITE LINE: 
[2021-08-22 12:00:37Z INFO Terminal] WRITE LINE: 
[2021-08-22 12:00:37Z WARN GitHubActionsService] Authentication failed with status code 401.
WWW-Authenticate: Bearer
Strict-Transport-Security: max-age=2592000
X-TFS-ProcessId: 8410b93a-9792-4963-a861-22a4efc67e30
ActivityId: 7ccc4991-f39b-442f-a4da-0c3d535757ab
X-TFS-Session: a5c446c7-9727-4b23-bd28-8a741b3693a9
X-VSS-E2EID: 6ff5536e-029c-4882-916f-ebe9ddaad12e
X-VSS-SenderDeploymentId: 1139089e-89fd-ce7a-6851-1ac6328a300e
X-TFS-ServiceError: The+user+%27System%3aPublicAccess%3baaaaaaaa-aaaa-aaaa-aaaa-aaaaaaaaaaaa%27+is+not+authorized+to+access+this+resource.
X-VSS-S2STargetService: 0000005A-0000-8888-8000-000000000000/visualstudio.com
X-Cache: CONFIG_NOCACHE
X-MSEdge-Ref: Ref A: 17872DEAE3C94E148CCCC7757C0B58AD Ref B: LTSEDGE1006 Ref C: 2021-08-22T12:00:37Z
Date: Sun, 22 Aug 2021 12:00:37 GMT

[2021-08-22 12:00:37Z INFO RSAFileKeyManager] Loading RSA key parameters from file /home/ubuntu/AwesomeProject/simple-fortune-cookie/actions-runner/.credentials_rsaparams
[2021-08-22 12:00:37Z INFO RSAFileKeyManager] Loading RSA key parameters from file /home/ubuntu/AwesomeProject/simple-fortune-cookie/actions-runner/.credentials_rsaparams
[2021-08-22 12:00:38Z INFO GitHubActionsService] AAD Correlation ID for this token request: Unknown
[2021-08-22 12:00:38Z INFO MessageListener] Session created.
[2021-08-22 12:00:38Z INFO Terminal] WRITE LINE: 2021-08-22 12:00:38Z: Listening for Jobs
[2021-08-22 12:00:38Z INFO JobDispatcher] Set runner/worker IPC timeout to 30 seconds.
[2021-08-22 12:26:21Z INFO RSAFileKeyManager] Loading RSA key parameters from file /home/ubuntu/AwesomeProject/simple-fortune-cookie/actions-runner/.credentials_rsaparams
[2021-08-22 12:26:21Z INFO MessageListener] Message '1' received from session '2d1ec79f-a9dd-458c-8208-ddbd647fd5b3'.
[2021-08-22 12:26:21Z INFO JobDispatcher] Job request 1 for plan 9757ba64-fb72-40f3-bf2d-d51bc7bdcf5e job c57ba051-9fca-5dd6-f694-bc0f5d2f2711 received.
[2021-08-22 12:26:21Z INFO JobDispatcher] Pull OrchestrationId 9757ba64-fb72-40f3-bf2d-d51bc7bdcf5e.component-test.__default from JWT claims
[2021-08-22 12:26:21Z INFO Terminal] WRITE LINE: 2021-08-22 12:26:21Z: Running job: Component-test
[2021-08-22 12:26:21Z INFO JobDispatcher] Start renew job request 1 for job c57ba051-9fca-5dd6-f694-bc0f5d2f2711.
[2021-08-22 12:26:21Z INFO JobDispatcher] Successfully renew job request 1, job is valid till 08/22/2021 12:36:21
[2021-08-22 12:26:21Z INFO HostContext] Well known directory 'Bin': '/home/ubuntu/AwesomeProject/simple-fortune-cookie/actions-runner/bin'
[2021-08-22 12:26:21Z INFO ProcessInvokerWrapper] Starting process:
[2021-08-22 12:26:21Z INFO ProcessInvokerWrapper]   File name: '/home/ubuntu/AwesomeProject/simple-fortune-cookie/actions-runner/bin/Runner.Worker'
[2021-08-22 12:26:21Z INFO ProcessInvokerWrapper]   Arguments: 'spawnclient 102 105'
[2021-08-22 12:26:21Z INFO ProcessInvokerWrapper]   Working directory: '/home/ubuntu/AwesomeProject/simple-fortune-cookie/actions-runner/bin'
[2021-08-22 12:26:21Z INFO ProcessInvokerWrapper]   Require exit code zero: 'False'
[2021-08-22 12:26:21Z INFO ProcessInvokerWrapper]   Encoding web name:  ; code page: ''
[2021-08-22 12:26:21Z INFO ProcessInvokerWrapper]   Force kill process on cancellation: 'True'
[2021-08-22 12:26:21Z INFO ProcessInvokerWrapper]   Redirected STDIN: 'False'
[2021-08-22 12:26:21Z INFO ProcessInvokerWrapper]   Persist current code page: 'False'
[2021-08-22 12:26:21Z INFO ProcessInvokerWrapper]   Keep redirected STDIN open: 'False'
[2021-08-22 12:26:21Z INFO ProcessInvokerWrapper]   High priority process: 'True'
[2021-08-22 12:26:21Z INFO ProcessInvokerWrapper] Process started with process id 246714, waiting for process exit.
[2021-08-22 12:26:21Z INFO JobDispatcher] Send job request message to worker for job c57ba051-9fca-5dd6-f694-bc0f5d2f2711.
[2021-08-22 12:26:21Z INFO ProcessChannel] Sending message of length 20950, with hash '3a2e88b0fc9f60cae06c405bb89b4db6e3f14af150a1ac6d49c89028d5e3dc70'
[2021-08-22 12:26:21Z INFO JobNotification] Entering JobStarted Notification
[2021-08-22 12:26:21Z INFO JobNotification] Entering StartMonitor
[2021-08-22 12:26:29Z INFO ProcessInvokerWrapper] STDOUT/STDERR stream read finished.
[2021-08-22 12:26:29Z INFO ProcessInvokerWrapper] STDOUT/STDERR stream read finished.
[2021-08-22 12:26:29Z INFO ProcessInvokerWrapper] Finished process 246714 with exit code 100, and elapsed time 00:00:07.7247993.
[2021-08-22 12:26:29Z INFO JobDispatcher] Worker finished for job c57ba051-9fca-5dd6-f694-bc0f5d2f2711. Code: 100
[2021-08-22 12:26:29Z INFO JobDispatcher] finish job request for job c57ba051-9fca-5dd6-f694-bc0f5d2f2711 with result: Succeeded
[2021-08-22 12:26:29Z INFO Terminal] WRITE LINE: 2021-08-22 12:26:29Z: Job Component-test completed with result: Succeeded
[2021-08-22 12:26:29Z INFO JobDispatcher] Stop renew job request for job c57ba051-9fca-5dd6-f694-bc0f5d2f2711.
[2021-08-22 12:26:29Z INFO JobDispatcher] job renew has been canceled, stop renew job request 1.
[2021-08-22 12:26:29Z INFO JobNotification] Entering JobCompleted Notification
[2021-08-22 12:26:29Z INFO JobNotification] Entering EndMonitor
[2021-08-22 12:26:32Z INFO RSAFileKeyManager] Loading RSA key parameters from file /home/ubuntu/AwesomeProject/simple-fortune-cookie/actions-runner/.credentials_rsaparams
[2021-08-22 12:26:32Z INFO MessageListener] Message '2' received from session '2d1ec79f-a9dd-458c-8208-ddbd647fd5b3'.
[2021-08-22 12:26:32Z INFO JobDispatcher] Job request 2 for plan a592dd0f-c76c-4f95-bb53-a4d716dec426 job c57ba051-9fca-5dd6-f694-bc0f5d2f2711 received.
[2021-08-22 12:26:32Z INFO JobDispatcher] Pull OrchestrationId a592dd0f-c76c-4f95-bb53-a4d716dec426.component-test.__default from JWT claims
[2021-08-22 12:26:32Z INFO JobDispatcher] Job request c57ba051-9fca-5dd6-f694-bc0f5d2f2711 processed succeed.
[2021-08-22 12:26:32Z INFO Terminal] WRITE LINE: 2021-08-22 12:26:32Z: Running job: Component-test
[2021-08-22 12:26:32Z INFO JobDispatcher] Start renew job request 2 for job c57ba051-9fca-5dd6-f694-bc0f5d2f2711.
[2021-08-22 12:26:32Z INFO JobDispatcher] Successfully renew job request 2, job is valid till 08/22/2021 12:36:32
[2021-08-22 12:26:32Z INFO HostContext] Well known directory 'Bin': '/home/ubuntu/AwesomeProject/simple-fortune-cookie/actions-runner/bin'
[2021-08-22 12:26:32Z INFO ProcessInvokerWrapper] Starting process:
[2021-08-22 12:26:32Z INFO ProcessInvokerWrapper]   File name: '/home/ubuntu/AwesomeProject/simple-fortune-cookie/actions-runner/bin/Runner.Worker'
[2021-08-22 12:26:32Z INFO ProcessInvokerWrapper]   Arguments: 'spawnclient 102 105'
[2021-08-22 12:26:32Z INFO ProcessInvokerWrapper]   Working directory: '/home/ubuntu/AwesomeProject/simple-fortune-cookie/actions-runner/bin'
[2021-08-22 12:26:32Z INFO ProcessInvokerWrapper]   Require exit code zero: 'False'
[2021-08-22 12:26:32Z INFO ProcessInvokerWrapper]   Encoding web name:  ; code page: ''
[2021-08-22 12:26:32Z INFO ProcessInvokerWrapper]   Force kill process on cancellation: 'True'
[2021-08-22 12:26:32Z INFO ProcessInvokerWrapper]   Redirected STDIN: 'False'
[2021-08-22 12:26:32Z INFO ProcessInvokerWrapper]   Persist current code page: 'False'
[2021-08-22 12:26:32Z INFO ProcessInvokerWrapper]   Keep redirected STDIN open: 'False'
[2021-08-22 12:26:32Z INFO ProcessInvokerWrapper]   High priority process: 'True'
[2021-08-22 12:26:32Z INFO ProcessInvokerWrapper] Process started with process id 246751, waiting for process exit.
[2021-08-22 12:26:32Z INFO JobDispatcher] Send job request message to worker for job c57ba051-9fca-5dd6-f694-bc0f5d2f2711.
[2021-08-22 12:26:32Z INFO ProcessChannel] Sending message of length 38944, with hash '64cbda5174bcf4433263794707ed9170235045168d2ac867f906829a41986899'
[2021-08-22 12:26:32Z INFO JobNotification] Entering JobStarted Notification
[2021-08-22 12:26:32Z INFO JobNotification] Entering StartMonitor
[2021-08-22 12:26:40Z INFO ProcessInvokerWrapper] STDOUT/STDERR stream read finished.
[2021-08-22 12:26:40Z INFO ProcessInvokerWrapper] STDOUT/STDERR stream read finished.
[2021-08-22 12:26:40Z INFO ProcessInvokerWrapper] Finished process 246751 with exit code 100, and elapsed time 00:00:08.2377991.
[2021-08-22 12:26:40Z INFO JobDispatcher] Worker finished for job c57ba051-9fca-5dd6-f694-bc0f5d2f2711. Code: 100
[2021-08-22 12:26:40Z INFO JobDispatcher] finish job request for job c57ba051-9fca-5dd6-f694-bc0f5d2f2711 with result: Succeeded
[2021-08-22 12:26:40Z INFO Terminal] WRITE LINE: 2021-08-22 12:26:40Z: Job Component-test completed with result: Succeeded
[2021-08-22 12:26:40Z INFO JobDispatcher] Stop renew job request for job c57ba051-9fca-5dd6-f694-bc0f5d2f2711.
[2021-08-22 12:26:40Z INFO JobDispatcher] job renew has been canceled, stop renew job request 2.
[2021-08-22 12:26:40Z INFO JobNotification] Entering JobCompleted Notification
[2021-08-22 12:26:40Z INFO JobNotification] Entering EndMonitor
[2021-08-22 12:41:24Z INFO Terminal] WRITE LINE: Exiting...
[2021-08-22 12:41:24Z INFO ConfigurationStore] IsServiceConfigured()
[2021-08-22 12:41:24Z INFO ConfigurationStore] IsServiceConfigured: False
[2021-08-22 12:41:24Z INFO HostContext] Runner will be shutdown for UserCancelled
[2021-08-22 12:41:24Z WARN GitHubActionsService] GET request to https://pipelines.actions.githubusercontent.com/kYIhEau89cHjWJsUfetDdyHhXKn3W5poseYa4b3P0ZM6cyXiP8/_apis/distributedtask/pools/1/messages?sessionId=2d1ec79f-a9dd-458c-8208-ddbd647fd5b3&lastMessageId=2 has been cancelled.
[2021-08-22 12:41:24Z INFO MessageListener] Get next message has been cancelled.
[2021-08-22 12:41:24Z INFO JobDispatcher] Shutting down JobDispatcher. Make sure all WorkerDispatcher has finished.
[2021-08-22 12:41:24Z INFO JobDispatcher] Ensure WorkerDispather for job c57ba051-9fca-5dd6-f694-bc0f5d2f2711 run to finish, cancel any running job.
[2021-08-22 12:41:24Z INFO JobDispatcher] Job request c57ba051-9fca-5dd6-f694-bc0f5d2f2711 processed succeed.
[2021-08-22 12:41:24Z INFO Listener] Runner execution been cancelled.
